2023.12.17 10:39:32 INFO  Started: Metals version 1.0.1+31-d7be7345-SNAPSHOT in folders 'E:\etc\vs-extension\ff-generator-for-ddd' for client Visual Studio Code 1.85.1.
12월 17, 2023 10:39:33 오전 org.flywaydb.core.internal.license.VersionPrinter printVersionOnly
정보: Flyway Community Edition 9.22.0 by Redgate
12월 17, 2023 10:39:33 오전 org.flywaydb.core.internal.license.VersionPrinter printVersion
정보: See release notes here: https://rd.gt/416ObMi
12월 17, 2023 10:39:33 오전 org.flywaydb.core.internal.license.VersionPrinter printVersion
정보: 
12월 17, 2023 10:39:33 오전 org.flywaydb.core.FlywayExecutor execute
정보: Database: jdbc:h2:file:E:\etc\vs-extension\ff-generator-for-ddd\.metals\metals (H2 2.1)
12월 17, 2023 10:39:33 오전 org.flywaydb.core.internal.schemahistory.JdbcTableSchemaHistory allAppliedMigrations
정보: Schema history table "PUBLIC"."flyway_schema_history" does not exist yet
12월 17, 2023 10:39:33 오전 org.flywaydb.core.internal.command.DbValidate validate
정보: Successfully validated 4 migrations (execution time 00:00.010s)
12월 17, 2023 10:39:33 오전 org.flywaydb.core.internal.schemahistory.JdbcTableSchemaHistory create
정보: Creating Schema History table "PUBLIC"."flyway_schema_history" ...
12월 17, 2023 10:39:33 오전 org.flywaydb.core.internal.command.DbMigrate migrateGroup
정보: Current version of schema "PUBLIC": << Empty Schema >>
12월 17, 2023 10:39:33 오전 org.flywaydb.core.internal.command.DbMigrate doMigrateGroup
정보: Migrating schema "PUBLIC" to version "1 - Create tables"
12월 17, 2023 10:39:33 오전 org.flywaydb.core.internal.command.DbMigrate doMigrateGroup
정보: Migrating schema "PUBLIC" to version "2 - Server discovery"
12월 17, 2023 10:39:33 오전 org.flywaydb.core.internal.command.DbMigrate doMigrateGroup
정보: Migrating schema "PUBLIC" to version "3 - Jar symbols"
12월 17, 2023 10:39:33 오전 org.flywaydb.core.internal.command.DbMigrate doMigrateGroup
정보: Migrating schema "PUBLIC" to version "4 - Fingerprints"
12월 17, 2023 10:39:33 오전 org.flywaydb.core.internal.command.DbMigrate logSummary
정보: Successfully applied 4 migrations to schema "PUBLIC", now at version v4 (execution time 00:00.011s)
2023.12.17 10:39:33 INFO  time: initialize in 0.42s
2023.12.17 10:39:34 WARN  Build server is not auto-connectable.
2023.12.17 10:39:34 WARN  no build tool detected in workspace 'E:\etc\vs-extension\ff-generator-for-ddd'. The most common cause for this problem is that the editor was opened in the wrong working directory, for example if you use sbt then the workspace directory should contain build.sbt. 
2023.12.17 12:47:27 INFO  Shutting down server
2023.12.17 12:47:27 INFO  shutting down Metals
2023.12.17 12:47:27 INFO  Exiting server
